2026-04-23 22:39:42,123 [INFO] irrigation — Base de données initialisée avec succčs.
2026-04-23 22:40:06,102 [INFO] irrigation — Modčle et scaler chargés avec succčs.
2026-04-23 22:40:06,688 [INFO] irrigation — Base de données initialisée avec succčs.
2026-04-23 23:21:32,753 [INFO] irrigation — Modčle et scaler chargés avec succčs.
2026-04-23 23:21:33,621 [INFO] irrigation — Base de données initialisée avec succčs.
2026-04-23 23:54:00,653 [INFO] irrigation — Modčle et scaler chargés avec succčs.
2026-04-23 23:54:01,079 [INFO] irrigation — Base de données initialisée avec succčs.
2026-04-23 23:56:49,425 [INFO] irrigation — Modčle et scaler chargés avec succčs.
2026-04-23 23:56:54,676 [INFO] irrigation — Base de données initialisée avec succčs.
2026-04-23 23:57:50,585 [INFO] irrigation — Modčle et scaler chargés avec succčs.
2026-04-23 23:57:51,085 [INFO] irrigation — Base de données initialisée avec succčs.
2026-04-24 01:25:06,659 [INFO] irrigation — Modčle et scaler chargés avec succčs.
2026-04-24 01:25:06,861 [INFO] irrigation — Base de données initialisée avec succčs.
2026-04-24 01:53:01,083 [INFO] irrigation — Modčle et scaler chargés avec succčs.
2026-04-24 01:53:01,277 [INFO] irrigation — Base de données initialisée avec succčs.
2026-04-24 01:54:17,661 [INFO] irrigation — Prédiction enregistrée — irrigation=0, eau=0.0L
2026-04-24 01:54:18,406 [INFO] irrigation — Prédiction enregistrée — irrigation=1, eau=10.0L
2026-04-24 02:01:08,101 [INFO] irrigation — Modčle et scaler chargés avec succčs.
2026-04-24 02:01:08,656 [INFO] irrigation — Base de données initialisée avec succčs.
2026-04-24 02:01:42,012 [INFO] irrigation — Modčle et scaler chargés avec succčs.
2026-04-24 02:01:42,386 [INFO] irrigation — Base de données initialisée avec succčs.
2026-04-24 02:10:10,924 [INFO] irrigation — Prédiction enregistrée — irrigation=1, eau=10.0L
2026-04-24 02:10:11,257 [INFO] irrigation — Prédiction enregistrée — irrigation=0, eau=0.0L
2026-04-24 02:10:15,274 [INFO] irrigation — Prédiction enregistrée — irrigation=1, eau=10.0L
2026-04-24 02:10:43,577 [INFO] irrigation — Prédiction enregistrée — irrigation=0, eau=0.0L
2026-04-24 02:10:49,757 [INFO] irrigation — Prédiction enregistrée — irrigation=0, eau=0.0L
2026-04-24 02:12:07,637 [INFO] irrigation — get_daily_aggregates_7days() — 4 jours
2026-04-24 02:12:07,640 [INFO] irrigation — get_history_7days() — 32 lignes retournées
2026-04-24 02:12:07,664 [INFO] irrigation — get_anomalies_7days() — 3 anomalie(s) détectée(s)
2026-04-24 02:12:07,683 [INFO] irrigation — get_daily_aggregates_7days() — 4 jours
2026-04-24 02:12:07,688 [INFO] irrigation — get_history_7days() — 32 lignes retournées
2026-04-24 02:12:07,719 [INFO] irrigation — get_anomalies_7days() — 3 anomalie(s) détectée(s)
2026-04-24 02:13:25,289 [INFO] irrigation — Prédiction enregistrée — irrigation=1, eau=10.0L
2026-04-24 02:13:25,479 [INFO] irrigation — Prédiction enregistrée — irrigation=1, eau=10.0L
2026-04-24 02:13:30,086 [INFO] irrigation — Prédiction enregistrée — irrigation=0, eau=0.0L
2026-04-24 02:13:35,007 [INFO] irrigation — Prédiction enregistrée — irrigation=1, eau=10.0L
2026-04-24 02:13:40,005 [INFO] irrigation — Prédiction enregistrée — irrigation=1, eau=10.0L
2026-04-24 02:14:33,430 [INFO] irrigation — get_daily_aggregates_7days() — 4 jours
2026-04-24 02:14:33,436 [INFO] irrigation — get_history_7days() — 37 lignes retournées
2026-04-24 02:14:33,459 [INFO] irrigation — get_anomalies_7days() — 3 anomalie(s) détectée(s)
2026-04-24 02:14:33,472 [INFO] irrigation — get_daily_aggregates_7days() — 4 jours
2026-04-24 02:14:33,476 [INFO] irrigation — get_history_7days() — 37 lignes retournées
2026-04-24 02:14:33,516 [INFO] irrigation — get_anomalies_7days() — 3 anomalie(s) détectée(s)
